2016-04-27 03:59:22 Notice: Notice (8): Undefined index: dir in [/Volumes/Data/Projects/coding/crud/vendor/davidyell/proffer/src/Lib/ProfferPath.php, line 48]
Request URL: /crud/compras/add
Referer URL: http://localhost/crud/compras/add
Trace:
Cake\Error\BaseErrorHandler::handleError() - CORE/src/Error/BaseErrorHandler.php, line 146
Proffer\Lib\ProfferPath::__construct() - ROOT/vendor/davidyell/proffer/src/Lib/ProfferPath.php, line 48
Proffer\Model\Behavior\ProfferBehavior::beforeSave() - ROOT/vendor/davidyell/proffer/src/Model/Behavior/ProfferBehavior.php, line 90
Cake\Event\EventManager::_callListener() - CORE/src/Event/EventManager.php, line 390
Cake\Event\EventManager::dispatch() - CORE/src/Event/EventManager.php, line 356
Cake\ORM\Table::dispatchEvent() - CORE/src/Event/EventDispatcherTrait.php, line 78
Cake\ORM\Table::_processSave() - CORE/src/ORM/Table.php, line 1439
Cake\ORM\Table::Cake\ORM\{closure}() - CORE/src/ORM/Table.php, line 1391
Cake\Database\Connection::transactional() - CORE/src/Database/Connection.php, line 559
Cake\ORM\Table::save() - CORE/src/ORM/Table.php, line 1392
App\Controller\ComprasController::add() - APP/Controller/ComprasController.php, line 39
Cake\Controller\Controller::invokeAction() - CORE/src/Controller/Controller.php, line 429
Cake\Routing\Dispatcher::_invoke() - CORE/src/Routing/Dispatcher.php, line 114
Cake\Routing\Dispatcher::dispatch() - CORE/src/Routing/Dispatcher.php, line 87
[main] - ROOT/webroot/index.php, line 36



2016-04-27 22:56:48 Notice: Notice (8): Trying to get property of non-object in [/Volumes/Data/Projects/coding/crud/src/Template/Compras/index.ctp, line 17]
Request URL: /crud/compras
Trace:
Cake\Error\BaseErrorHandler::handleError() - CORE/src/Error/BaseErrorHandler.php, line 146
include - APP/Template/Compras/index.ctp, line 17
Cake\View\View::_evaluate() - CORE/src/View/View.php, line 992
Cake\View\View::_render() - CORE/src/View/View.php, line 952
Cake\View\View::render() - CORE/src/View/View.php, line 587
Cake\Controller\Controller::render() - CORE/src/Controller/Controller.php, line 611
Cake\Routing\Dispatcher::_invoke() - CORE/src/Routing/Dispatcher.php, line 120
Cake\Routing\Dispatcher::dispatch() - CORE/src/Routing/Dispatcher.php, line 87
[main] - ROOT/webroot/index.php, line 36



2016-04-27 22:56:48 Notice: Notice (8): Trying to get property of non-object in [/Volumes/Data/Projects/coding/crud/src/Template/Compras/index.ctp, line 17]
Request URL: /crud/compras
Trace:
Cake\Error\BaseErrorHandler::handleError() - CORE/src/Error/BaseErrorHandler.php, line 146
include - APP/Template/Compras/index.ctp, line 17
Cake\View\View::_evaluate() - CORE/src/View/View.php, line 992
Cake\View\View::_render() - CORE/src/View/View.php, line 952
Cake\View\View::render() - CORE/src/View/View.php, line 587
Cake\Controller\Controller::render() - CORE/src/Controller/Controller.php, line 611
Cake\Routing\Dispatcher::_invoke() - CORE/src/Routing/Dispatcher.php, line 120
Cake\Routing\Dispatcher::dispatch() - CORE/src/Routing/Dispatcher.php, line 87
[main] - ROOT/webroot/index.php, line 36



2016-04-27 22:56:48 Notice: Notice (8): Trying to get property of non-object in [/Volumes/Data/Projects/coding/crud/src/Template/Compras/index.ctp, line 17]
Request URL: /crud/compras
Trace:
Cake\Error\BaseErrorHandler::handleError() - CORE/src/Error/BaseErrorHandler.php, line 146
include - APP/Template/Compras/index.ctp, line 17
Cake\View\View::_evaluate() - CORE/src/View/View.php, line 992
Cake\View\View::_render() - CORE/src/View/View.php, line 952
Cake\View\View::render() - CORE/src/View/View.php, line 587
Cake\Controller\Controller::render() - CORE/src/Controller/Controller.php, line 611
Cake\Routing\Dispatcher::_invoke() - CORE/src/Routing/Dispatcher.php, line 120
Cake\Routing\Dispatcher::dispatch() - CORE/src/Routing/Dispatcher.php, line 87
[main] - ROOT/webroot/index.php, line 36



2016-04-27 22:56:48 Notice: Notice (8): Trying to get property of non-object in [/Volumes/Data/Projects/coding/crud/src/Template/Compras/index.ctp, line 17]
Request URL: /crud/compras
Trace:
Cake\Error\BaseErrorHandler::handleError() - CORE/src/Error/BaseErrorHandler.php, line 146
include - APP/Template/Compras/index.ctp, line 17
Cake\View\View::_evaluate() - CORE/src/View/View.php, line 992
Cake\View\View::_render() - CORE/src/View/View.php, line 952
Cake\View\View::render() - CORE/src/View/View.php, line 587
Cake\Controller\Controller::render() - CORE/src/Controller/Controller.php, line 611
Cake\Routing\Dispatcher::_invoke() - CORE/src/Routing/Dispatcher.php, line 120
Cake\Routing\Dispatcher::dispatch() - CORE/src/Routing/Dispatcher.php, line 87
[main] - ROOT/webroot/index.php, line 36



2016-04-27 22:56:48 Notice: Notice (8): Trying to get property of non-object in [/Volumes/Data/Projects/coding/crud/src/Template/Compras/index.ctp, line 17]
Request URL: /crud/compras
Trace:
Cake\Error\BaseErrorHandler::handleError() - CORE/src/Error/BaseErrorHandler.php, line 146
include - APP/Template/Compras/index.ctp, line 17
Cake\View\View::_evaluate() - CORE/src/View/View.php, line 992
Cake\View\View::_render() - CORE/src/View/View.php, line 952
Cake\View\View::render() - CORE/src/View/View.php, line 587
Cake\Controller\Controller::render() - CORE/src/Controller/Controller.php, line 611
Cake\Routing\Dispatcher::_invoke() - CORE/src/Routing/Dispatcher.php, line 120
Cake\Routing\Dispatcher::dispatch() - CORE/src/Routing/Dispatcher.php, line 87
[main] - ROOT/webroot/index.php, line 36



2016-04-27 22:56:48 Notice: Notice (8): Trying to get property of non-object in [/Volumes/Data/Projects/coding/crud/src/Template/Compras/index.ctp, line 17]
Request URL: /crud/compras
Trace:
Cake\Error\BaseErrorHandler::handleError() - CORE/src/Error/BaseErrorHandler.php, line 146
include - APP/Template/Compras/index.ctp, line 17
Cake\View\View::_evaluate() - CORE/src/View/View.php, line 992
Cake\View\View::_render() - CORE/src/View/View.php, line 952
Cake\View\View::render() - CORE/src/View/View.php, line 587
Cake\Controller\Controller::render() - CORE/src/Controller/Controller.php, line 611
Cake\Routing\Dispatcher::_invoke() - CORE/src/Routing/Dispatcher.php, line 120
Cake\Routing\Dispatcher::dispatch() - CORE/src/Routing/Dispatcher.php, line 87
[main] - ROOT/webroot/index.php, line 36



2016-04-27 22:56:48 Notice: Notice (8): Trying to get property of non-object in [/Volumes/Data/Projects/coding/crud/src/Template/Compras/index.ctp, line 17]
Request URL: /crud/compras
Trace:
Cake\Error\BaseErrorHandler::handleError() - CORE/src/Error/BaseErrorHandler.php, line 146
include - APP/Template/Compras/index.ctp, line 17
Cake\View\View::_evaluate() - CORE/src/View/View.php, line 992
Cake\View\View::_render() - CORE/src/View/View.php, line 952
Cake\View\View::render() - CORE/src/View/View.php, line 587
Cake\Controller\Controller::render() - CORE/src/Controller/Controller.php, line 611
Cake\Routing\Dispatcher::_invoke() - CORE/src/Routing/Dispatcher.php, line 120
Cake\Routing\Dispatcher::dispatch() - CORE/src/Routing/Dispatcher.php, line 87
[main] - ROOT/webroot/index.php, line 36



2016-04-27 22:56:48 Notice: Notice (8): Trying to get property of non-object in [/Volumes/Data/Projects/coding/crud/src/Template/Compras/index.ctp, line 17]
Request URL: /crud/compras
Trace:
Cake\Error\BaseErrorHandler::handleError() - CORE/src/Error/BaseErrorHandler.php, line 146
include - APP/Template/Compras/index.ctp, line 17
Cake\View\View::_evaluate() - CORE/src/View/View.php, line 992
Cake\View\View::_render() - CORE/src/View/View.php, line 952
Cake\View\View::render() - CORE/src/View/View.php, line 587
Cake\Controller\Controller::render() - CORE/src/Controller/Controller.php, line 611
Cake\Routing\Dispatcher::_invoke() - CORE/src/Routing/Dispatcher.php, line 120
Cake\Routing\Dispatcher::dispatch() - CORE/src/Routing/Dispatcher.php, line 87
[main] - ROOT/webroot/index.php, line 36



2016-04-27 22:56:48 Notice: Notice (8): Trying to get property of non-object in [/Volumes/Data/Projects/coding/crud/src/Template/Compras/index.ctp, line 17]
Request URL: /crud/compras
Trace:
Cake\Error\BaseErrorHandler::handleError() - CORE/src/Error/BaseErrorHandler.php, line 146
include - APP/Template/Compras/index.ctp, line 17
Cake\View\View::_evaluate() - CORE/src/View/View.php, line 992
Cake\View\View::_render() - CORE/src/View/View.php, line 952
Cake\View\View::render() - CORE/src/View/View.php, line 587
Cake\Controller\Controller::render() - CORE/src/Controller/Controller.php, line 611
Cake\Routing\Dispatcher::_invoke() - CORE/src/Routing/Dispatcher.php, line 120
Cake\Routing\Dispatcher::dispatch() - CORE/src/Routing/Dispatcher.php, line 87
[main] - ROOT/webroot/index.php, line 36



2016-04-28 01:13:46 Notice: Notice (8): Trying to get property of non-object in [/Volumes/Data/Projects/coding/crud/src/Template/Compras/index.ctp, line 17]
Request URL: /crud/compras
Trace:
Cake\Error\BaseErrorHandler::handleError() - CORE/src/Error/BaseErrorHandler.php, line 146
include - APP/Template/Compras/index.ctp, line 17
Cake\View\View::_evaluate() - CORE/src/View/View.php, line 992
Cake\View\View::_render() - CORE/src/View/View.php, line 952
Cake\View\View::render() - CORE/src/View/View.php, line 587
Cake\Controller\Controller::render() - CORE/src/Controller/Controller.php, line 611
Cake\Routing\Dispatcher::_invoke() - CORE/src/Routing/Dispatcher.php, line 120
Cake\Routing\Dispatcher::dispatch() - CORE/src/Routing/Dispatcher.php, line 87
[main] - ROOT/webroot/index.php, line 36



2016-04-28 01:13:46 Notice: Notice (8): Trying to get property of non-object in [/Volumes/Data/Projects/coding/crud/src/Template/Compras/index.ctp, line 17]
Request URL: /crud/compras
Trace:
Cake\Error\BaseErrorHandler::handleError() - CORE/src/Error/BaseErrorHandler.php, line 146
include - APP/Template/Compras/index.ctp, line 17
Cake\View\View::_evaluate() - CORE/src/View/View.php, line 992
Cake\View\View::_render() - CORE/src/View/View.php, line 952
Cake\View\View::render() - CORE/src/View/View.php, line 587
Cake\Controller\Controller::render() - CORE/src/Controller/Controller.php, line 611
Cake\Routing\Dispatcher::_invoke() - CORE/src/Routing/Dispatcher.php, line 120
Cake\Routing\Dispatcher::dispatch() - CORE/src/Routing/Dispatcher.php, line 87
[main] - ROOT/webroot/index.php, line 36



2016-04-28 01:13:46 Notice: Notice (8): Trying to get property of non-object in [/Volumes/Data/Projects/coding/crud/src/Template/Compras/index.ctp, line 17]
Request URL: /crud/compras
Trace:
Cake\Error\BaseErrorHandler::handleError() - CORE/src/Error/BaseErrorHandler.php, line 146
include - APP/Template/Compras/index.ctp, line 17
Cake\View\View::_evaluate() - CORE/src/View/View.php, line 992
Cake\View\View::_render() - CORE/src/View/View.php, line 952
Cake\View\View::render() - CORE/src/View/View.php, line 587
Cake\Controller\Controller::render() - CORE/src/Controller/Controller.php, line 611
Cake\Routing\Dispatcher::_invoke() - CORE/src/Routing/Dispatcher.php, line 120
Cake\Routing\Dispatcher::dispatch() - CORE/src/Routing/Dispatcher.php, line 87
[main] - ROOT/webroot/index.php, line 36



2016-04-28 01:13:46 Notice: Notice (8): Trying to get property of non-object in [/Volumes/Data/Projects/coding/crud/src/Template/Compras/index.ctp, line 17]
Request URL: /crud/compras
Trace:
Cake\Error\BaseErrorHandler::handleError() - CORE/src/Error/BaseErrorHandler.php, line 146
include - APP/Template/Compras/index.ctp, line 17
Cake\View\View::_evaluate() - CORE/src/View/View.php, line 992
Cake\View\View::_render() - CORE/src/View/View.php, line 952
Cake\View\View::render() - CORE/src/View/View.php, line 587
Cake\Controller\Controller::render() - CORE/src/Controller/Controller.php, line 611
Cake\Routing\Dispatcher::_invoke() - CORE/src/Routing/Dispatcher.php, line 120
Cake\Routing\Dispatcher::dispatch() - CORE/src/Routing/Dispatcher.php, line 87
[main] - ROOT/webroot/index.php, line 36



2016-04-28 01:13:46 Notice: Notice (8): Trying to get property of non-object in [/Volumes/Data/Projects/coding/crud/src/Template/Compras/index.ctp, line 17]
Request URL: /crud/compras
Trace:
Cake\Error\BaseErrorHandler::handleError() - CORE/src/Error/BaseErrorHandler.php, line 146
include - APP/Template/Compras/index.ctp, line 17
Cake\View\View::_evaluate() - CORE/src/View/View.php, line 992
Cake\View\View::_render() - CORE/src/View/View.php, line 952
Cake\View\View::render() - CORE/src/View/View.php, line 587
Cake\Controller\Controller::render() - CORE/src/Controller/Controller.php, line 611
Cake\Routing\Dispatcher::_invoke() - CORE/src/Routing/Dispatcher.php, line 120
Cake\Routing\Dispatcher::dispatch() - CORE/src/Routing/Dispatcher.php, line 87
[main] - ROOT/webroot/index.php, line 36



2016-04-28 01:13:46 Notice: Notice (8): Trying to get property of non-object in [/Volumes/Data/Projects/coding/crud/src/Template/Compras/index.ctp, line 17]
Request URL: /crud/compras
Trace:
Cake\Error\BaseErrorHandler::handleError() - CORE/src/Error/BaseErrorHandler.php, line 146
include - APP/Template/Compras/index.ctp, line 17
Cake\View\View::_evaluate() - CORE/src/View/View.php, line 992
Cake\View\View::_render() - CORE/src/View/View.php, line 952
Cake\View\View::render() - CORE/src/View/View.php, line 587
Cake\Controller\Controller::render() - CORE/src/Controller/Controller.php, line 611
Cake\Routing\Dispatcher::_invoke() - CORE/src/Routing/Dispatcher.php, line 120
Cake\Routing\Dispatcher::dispatch() - CORE/src/Routing/Dispatcher.php, line 87
[main] - ROOT/webroot/index.php, line 36



2016-04-28 01:13:46 Notice: Notice (8): Trying to get property of non-object in [/Volumes/Data/Projects/coding/crud/src/Template/Compras/index.ctp, line 17]
Request URL: /crud/compras
Trace:
Cake\Error\BaseErrorHandler::handleError() - CORE/src/Error/BaseErrorHandler.php, line 146
include - APP/Template/Compras/index.ctp, line 17
Cake\View\View::_evaluate() - CORE/src/View/View.php, line 992
Cake\View\View::_render() - CORE/src/View/View.php, line 952
Cake\View\View::render() - CORE/src/View/View.php, line 587
Cake\Controller\Controller::render() - CORE/src/Controller/Controller.php, line 611
Cake\Routing\Dispatcher::_invoke() - CORE/src/Routing/Dispatcher.php, line 120
Cake\Routing\Dispatcher::dispatch() - CORE/src/Routing/Dispatcher.php, line 87
[main] - ROOT/webroot/index.php, line 36



2016-04-28 01:13:46 Notice: Notice (8): Trying to get property of non-object in [/Volumes/Data/Projects/coding/crud/src/Template/Compras/index.ctp, line 17]
Request URL: /crud/compras
Trace:
Cake\Error\BaseErrorHandler::handleError() - CORE/src/Error/BaseErrorHandler.php, line 146
include - APP/Template/Compras/index.ctp, line 17
Cake\View\View::_evaluate() - CORE/src/View/View.php, line 992
Cake\View\View::_render() - CORE/src/View/View.php, line 952
Cake\View\View::render() - CORE/src/View/View.php, line 587
Cake\Controller\Controller::render() - CORE/src/Controller/Controller.php, line 611
Cake\Routing\Dispatcher::_invoke() - CORE/src/Routing/Dispatcher.php, line 120
Cake\Routing\Dispatcher::dispatch() - CORE/src/Routing/Dispatcher.php, line 87
[main] - ROOT/webroot/index.php, line 36



2016-04-28 01:13:46 Notice: Notice (8): Trying to get property of non-object in [/Volumes/Data/Projects/coding/crud/src/Template/Compras/index.ctp, line 17]
Request URL: /crud/compras
Trace:
Cake\Error\BaseErrorHandler::handleError() - CORE/src/Error/BaseErrorHandler.php, line 146
include - APP/Template/Compras/index.ctp, line 17
Cake\View\View::_evaluate() - CORE/src/View/View.php, line 992
Cake\View\View::_render() - CORE/src/View/View.php, line 952
Cake\View\View::render() - CORE/src/View/View.php, line 587
Cake\Controller\Controller::render() - CORE/src/Controller/Controller.php, line 611
Cake\Routing\Dispatcher::_invoke() - CORE/src/Routing/Dispatcher.php, line 120
Cake\Routing\Dispatcher::dispatch() - CORE/src/Routing/Dispatcher.php, line 87
[main] - ROOT/webroot/index.php, line 36



2016-04-28 01:28:52 Notice: Notice (8): Array to string conversion in [/Volumes/Data/Projects/coding/crud/src/Template/Element/Flash/error.ctp, line 1]
Request URL: /crud/clientes/add
Referer URL: http://localhost/crud/clientes/add
Trace:
Cake\Error\BaseErrorHandler::handleError() - CORE/src/Error/BaseErrorHandler.php, line 146
include - APP/Template/Element/Flash/error.ctp, line 1
Cake\View\View::_evaluate() - CORE/src/View/View.php, line 992
Cake\View\View::_render() - CORE/src/View/View.php, line 952
Cake\View\View::_renderElement() - CORE/src/View/View.php, line 1329
Cake\View\View::element() - CORE/src/View/View.php, line 493
Cake\View\Helper\FlashHelper::render() - CORE/src/View/Helper/FlashHelper.php, line 89
include - APP/Template/Layout/default.ctp, line 50
Cake\View\View::_evaluate() - CORE/src/View/View.php, line 992
Cake\View\View::_render() - CORE/src/View/View.php, line 952
Cake\View\View::renderLayout() - CORE/src/View/View.php, line 633
Cake\View\View::render() - CORE/src/View/View.php, line 592
Cake\Controller\Controller::render() - CORE/src/Controller/Controller.php, line 611
Cake\Routing\Dispatcher::_invoke() - CORE/src/Routing/Dispatcher.php, line 120
Cake\Routing\Dispatcher::dispatch() - CORE/src/Routing/Dispatcher.php, line 87
[main] - ROOT/webroot/index.php, line 36



2016-04-28 01:29:02 Notice: Notice (8): Array to string conversion in [/Volumes/Data/Projects/coding/crud/src/Template/Element/Flash/error.ctp, line 1]
Request URL: /crud/clientes/add
Referer URL: http://localhost/crud/clientes/add
Trace:
Cake\Error\BaseErrorHandler::handleError() - CORE/src/Error/BaseErrorHandler.php, line 146
include - APP/Template/Element/Flash/error.ctp, line 1
Cake\View\View::_evaluate() - CORE/src/View/View.php, line 992
Cake\View\View::_render() - CORE/src/View/View.php, line 952
Cake\View\View::_renderElement() - CORE/src/View/View.php, line 1329
Cake\View\View::element() - CORE/src/View/View.php, line 493
Cake\View\Helper\FlashHelper::render() - CORE/src/View/Helper/FlashHelper.php, line 89
include - APP/Template/Layout/default.ctp, line 50
Cake\View\View::_evaluate() - CORE/src/View/View.php, line 992
Cake\View\View::_render() - CORE/src/View/View.php, line 952
Cake\View\View::renderLayout() - CORE/src/View/View.php, line 633
Cake\View\View::render() - CORE/src/View/View.php, line 592
Cake\Controller\Controller::render() - CORE/src/Controller/Controller.php, line 611
Cake\Routing\Dispatcher::_invoke() - CORE/src/Routing/Dispatcher.php, line 120
Cake\Routing\Dispatcher::dispatch() - CORE/src/Routing/Dispatcher.php, line 87
[main] - ROOT/webroot/index.php, line 36



2016-04-28 01:29:03 Notice: Notice (8): Array to string conversion in [/Volumes/Data/Projects/coding/crud/src/Template/Element/Flash/error.ctp, line 1]
Request URL: /crud/clientes/add
Referer URL: http://localhost/crud/clientes/add
Trace:
Cake\Error\BaseErrorHandler::handleError() - CORE/src/Error/BaseErrorHandler.php, line 146
include - APP/Template/Element/Flash/error.ctp, line 1
Cake\View\View::_evaluate() - CORE/src/View/View.php, line 992
Cake\View\View::_render() - CORE/src/View/View.php, line 952
Cake\View\View::_renderElement() - CORE/src/View/View.php, line 1329
Cake\View\View::element() - CORE/src/View/View.php, line 493
Cake\View\Helper\FlashHelper::render() - CORE/src/View/Helper/FlashHelper.php, line 89
include - APP/Template/Layout/default.ctp, line 50
Cake\View\View::_evaluate() - CORE/src/View/View.php, line 992
Cake\View\View::_render() - CORE/src/View/View.php, line 952
Cake\View\View::renderLayout() - CORE/src/View/View.php, line 633
Cake\View\View::render() - CORE/src/View/View.php, line 592
Cake\Controller\Controller::render() - CORE/src/Controller/Controller.php, line 611
Cake\Routing\Dispatcher::_invoke() - CORE/src/Routing/Dispatcher.php, line 120
Cake\Routing\Dispatcher::dispatch() - CORE/src/Routing/Dispatcher.php, line 87
[main] - ROOT/webroot/index.php, line 36



2016-04-28 01:29:11 Notice: Notice (8): Array to string conversion in [/Volumes/Data/Projects/coding/crud/src/Template/Element/Flash/error.ctp, line 1]
Request URL: /crud/clientes/add
Referer URL: http://localhost/crud/clientes/add
Trace:
Cake\Error\BaseErrorHandler::handleError() - CORE/src/Error/BaseErrorHandler.php, line 146
include - APP/Template/Element/Flash/error.ctp, line 1
Cake\View\View::_evaluate() - CORE/src/View/View.php, line 992
Cake\View\View::_render() - CORE/src/View/View.php, line 952
Cake\View\View::_renderElement() - CORE/src/View/View.php, line 1329
Cake\View\View::element() - CORE/src/View/View.php, line 493
Cake\View\Helper\FlashHelper::render() - CORE/src/View/Helper/FlashHelper.php, line 89
include - APP/Template/Layout/default.ctp, line 50
Cake\View\View::_evaluate() - CORE/src/View/View.php, line 992
Cake\View\View::_render() - CORE/src/View/View.php, line 952
Cake\View\View::renderLayout() - CORE/src/View/View.php, line 633
Cake\View\View::render() - CORE/src/View/View.php, line 592
Cake\Controller\Controller::render() - CORE/src/Controller/Controller.php, line 611
Cake\Routing\Dispatcher::_invoke() - CORE/src/Routing/Dispatcher.php, line 120
Cake\Routing\Dispatcher::dispatch() - CORE/src/Routing/Dispatcher.php, line 87
[main] - ROOT/webroot/index.php, line 36



2016-04-28 01:32:24 Notice: Notice (8): Undefined index: nome in [/Volumes/Data/Projects/coding/crud/src/Controller/ClientesController.php, line 44]
Request URL: /crud/clientes/add
Referer URL: http://localhost/crud/clientes/add
Trace:
Cake\Error\BaseErrorHandler::handleError() - CORE/src/Error/BaseErrorHandler.php, line 146
App\Controller\ClientesController::add() - APP/Controller/ClientesController.php, line 44
Cake\Controller\Controller::invokeAction() - CORE/src/Controller/Controller.php, line 429
Cake\Routing\Dispatcher::_invoke() - CORE/src/Routing/Dispatcher.php, line 114
Cake\Routing\Dispatcher::dispatch() - CORE/src/Routing/Dispatcher.php, line 87
[main] - ROOT/webroot/index.php, line 36



2016-04-28 01:39:24 Notice: Notice (8): Undefined variable: cliente in [/Volumes/Data/Projects/coding/crud/src/Template/Clientes/add.ctp, line 3]
Request URL: /crud/clientes/add
Trace:
Cake\Error\BaseErrorHandler::handleError() - CORE/src/Error/BaseErrorHandler.php, line 146
include - APP/Template/Clientes/add.ctp, line 3
Cake\View\View::_evaluate() - CORE/src/View/View.php, line 992
Cake\View\View::_render() - CORE/src/View/View.php, line 952
Cake\View\View::render() - CORE/src/View/View.php, line 587
Cake\Controller\Controller::render() - CORE/src/Controller/Controller.php, line 611
Cake\Routing\Dispatcher::_invoke() - CORE/src/Routing/Dispatcher.php, line 120
Cake\Routing\Dispatcher::dispatch() - CORE/src/Routing/Dispatcher.php, line 87
[main] - ROOT/webroot/index.php, line 36



2016-04-28 01:39:24 Notice: Notice (8): Trying to get property of non-object in [/Volumes/Data/Projects/coding/crud/src/Template/Clientes/add.ctp, line 3]
Request URL: /crud/clientes/add
Trace:
Cake\Error\BaseErrorHandler::handleError() - CORE/src/Error/BaseErrorHandler.php, line 146
include - APP/Template/Clientes/add.ctp, line 3
Cake\View\View::_evaluate() - CORE/src/View/View.php, line 992
Cake\View\View::_render() - CORE/src/View/View.php, line 952
Cake\View\View::render() - CORE/src/View/View.php, line 587
Cake\Controller\Controller::render() - CORE/src/Controller/Controller.php, line 611
Cake\Routing\Dispatcher::_invoke() - CORE/src/Routing/Dispatcher.php, line 120
Cake\Routing\Dispatcher::dispatch() - CORE/src/Routing/Dispatcher.php, line 87
[main] - ROOT/webroot/index.php, line 36



2016-04-28 01:39:24 Notice: Notice (8): Undefined variable: cliente in [/Volumes/Data/Projects/coding/crud/src/Template/Clientes/add.ctp, line 4]
Request URL: /crud/clientes/add
Trace:
Cake\Error\BaseErrorHandler::handleError() - CORE/src/Error/BaseErrorHandler.php, line 146
include - APP/Template/Clientes/add.ctp, line 4
Cake\View\View::_evaluate() - CORE/src/View/View.php, line 992
Cake\View\View::_render() - CORE/src/View/View.php, line 952
Cake\View\View::render() - CORE/src/View/View.php, line 587
Cake\Controller\Controller::render() - CORE/src/Controller/Controller.php, line 611
Cake\Routing\Dispatcher::_invoke() - CORE/src/Routing/Dispatcher.php, line 120
Cake\Routing\Dispatcher::dispatch() - CORE/src/Routing/Dispatcher.php, line 87
[main] - ROOT/webroot/index.php, line 36



2016-04-28 01:39:24 Notice: Notice (8): Trying to get property of non-object in [/Volumes/Data/Projects/coding/crud/src/Template/Clientes/add.ctp, line 4]
Request URL: /crud/clientes/add
Trace:
Cake\Error\BaseErrorHandler::handleError() - CORE/src/Error/BaseErrorHandler.php, line 146
include - APP/Template/Clientes/add.ctp, line 4
Cake\View\View::_evaluate() - CORE/src/View/View.php, line 992
Cake\View\View::_render() - CORE/src/View/View.php, line 952
Cake\View\View::render() - CORE/src/View/View.php, line 587
Cake\Controller\Controller::render() - CORE/src/Controller/Controller.php, line 611
Cake\Routing\Dispatcher::_invoke() - CORE/src/Routing/Dispatcher.php, line 120
Cake\Routing\Dispatcher::dispatch() - CORE/src/Routing/Dispatcher.php, line 87
[main] - ROOT/webroot/index.php, line 36



2016-05-01 00:07:15 Notice: Notice (8): Undefined variable: clientes in [/Volumes/Data/Projects/coding/crud/src/Template/Clientes/index.ctp, line 18]
Request URL: /crud/clientes/buscar?buscar=buscar
Referer URL: http://localhost/crud/clientes
Trace:
Cake\Error\BaseErrorHandler::handleError() - CORE/src/Error/BaseErrorHandler.php, line 146
include - APP/Template/Clientes/index.ctp, line 18
Cake\View\View::_evaluate() - CORE/src/View/View.php, line 992
Cake\View\View::_render() - CORE/src/View/View.php, line 952
Cake\View\View::render() - CORE/src/View/View.php, line 587
Cake\Controller\Controller::render() - CORE/src/Controller/Controller.php, line 611
App\Controller\ClientesController::buscar() - APP/Controller/ClientesController.php, line 80
Cake\Controller\Controller::invokeAction() - CORE/src/Controller/Controller.php, line 429
Cake\Routing\Dispatcher::_invoke() - CORE/src/Routing/Dispatcher.php, line 114
Cake\Routing\Dispatcher::dispatch() - CORE/src/Routing/Dispatcher.php, line 87
[main] - ROOT/webroot/index.php, line 36



2016-05-01 00:07:54 Notice: Notice (8): Undefined variable: clientes in [/Volumes/Data/Projects/coding/crud/src/Template/Clientes/index.ctp, line 18]
Request URL: /crud/clientes/buscar?buscar=buscar
Referer URL: http://localhost/crud/clientes
Trace:
Cake\Error\BaseErrorHandler::handleError() - CORE/src/Error/BaseErrorHandler.php, line 146
include - APP/Template/Clientes/index.ctp, line 18
Cake\View\View::_evaluate() - CORE/src/View/View.php, line 992
Cake\View\View::_render() - CORE/src/View/View.php, line 952
Cake\View\View::render() - CORE/src/View/View.php, line 587
Cake\Controller\Controller::render() - CORE/src/Controller/Controller.php, line 611
App\Controller\ClientesController::buscar() - APP/Controller/ClientesController.php, line 80
Cake\Controller\Controller::invokeAction() - CORE/src/Controller/Controller.php, line 429
Cake\Routing\Dispatcher::_invoke() - CORE/src/Routing/Dispatcher.php, line 114
Cake\Routing\Dispatcher::dispatch() - CORE/src/Routing/Dispatcher.php, line 87
[main] - ROOT/webroot/index.php, line 36



2016-05-01 00:08:33 Notice: Notice (8): Undefined variable: clientes in [/Volumes/Data/Projects/coding/crud/src/Template/Clientes/index.ctp, line 18]
Request URL: /crud/clientes/buscar?nome=ewqew
Referer URL: http://localhost/crud/clientes
Trace:
Cake\Error\BaseErrorHandler::handleError() - CORE/src/Error/BaseErrorHandler.php, line 146
include - APP/Template/Clientes/index.ctp, line 18
Cake\View\View::_evaluate() - CORE/src/View/View.php, line 992
Cake\View\View::_render() - CORE/src/View/View.php, line 952
Cake\View\View::render() - CORE/src/View/View.php, line 587
Cake\Controller\Controller::render() - CORE/src/Controller/Controller.php, line 611
App\Controller\ClientesController::buscar() - APP/Controller/ClientesController.php, line 80
Cake\Controller\Controller::invokeAction() - CORE/src/Controller/Controller.php, line 429
Cake\Routing\Dispatcher::_invoke() - CORE/src/Routing/Dispatcher.php, line 114
Cake\Routing\Dispatcher::dispatch() - CORE/src/Routing/Dispatcher.php, line 87
[main] - ROOT/webroot/index.php, line 36



2016-05-01 00:10:00 Notice: Notice (8): Undefined variable: clientes in [/Volumes/Data/Projects/coding/crud/src/Template/Clientes/index.ctp, line 18]
Request URL: /crud/clientes/buscar?nome=eqwewqe
Referer URL: http://localhost/crud/clientes
Trace:
Cake\Error\BaseErrorHandler::handleError() - CORE/src/Error/BaseErrorHandler.php, line 146
include - APP/Template/Clientes/index.ctp, line 18
Cake\View\View::_evaluate() - CORE/src/View/View.php, line 992
Cake\View\View::_render() - CORE/src/View/View.php, line 952
Cake\View\View::render() - CORE/src/View/View.php, line 587
Cake\Controller\Controller::render() - CORE/src/Controller/Controller.php, line 611
App\Controller\ClientesController::buscar() - APP/Controller/ClientesController.php, line 80
Cake\Controller\Controller::invokeAction() - CORE/src/Controller/Controller.php, line 429
Cake\Routing\Dispatcher::_invoke() - CORE/src/Routing/Dispatcher.php, line 114
Cake\Routing\Dispatcher::dispatch() - CORE/src/Routing/Dispatcher.php, line 87
[main] - ROOT/webroot/index.php, line 36



2016-05-01 00:10:04 Notice: Notice (8): Undefined variable: clientes in [/Volumes/Data/Projects/coding/crud/src/Template/Clientes/index.ctp, line 18]
Request URL: /crud/clientes/buscar?nome=eeeee
Referer URL: http://localhost/crud/clientes/buscar?nome=eqwewqe
Trace:
Cake\Error\BaseErrorHandler::handleError() - CORE/src/Error/BaseErrorHandler.php, line 146
include - APP/Template/Clientes/index.ctp, line 18
Cake\View\View::_evaluate() - CORE/src/View/View.php, line 992
Cake\View\View::_render() - CORE/src/View/View.php, line 952
Cake\View\View::render() - CORE/src/View/View.php, line 587
Cake\Controller\Controller::render() - CORE/src/Controller/Controller.php, line 611
App\Controller\ClientesController::buscar() - APP/Controller/ClientesController.php, line 80
Cake\Controller\Controller::invokeAction() - CORE/src/Controller/Controller.php, line 429
Cake\Routing\Dispatcher::_invoke() - CORE/src/Routing/Dispatcher.php, line 114
Cake\Routing\Dispatcher::dispatch() - CORE/src/Routing/Dispatcher.php, line 87
[main] - ROOT/webroot/index.php, line 36



2016-05-01 05:08:18 Notice: Notice (8): Undefined variable: produtos in [/Volumes/Data/Projects/coding/crud/src/Template/Produtos/index.ctp, line 13]
Request URL: /crud/produtos
Referer URL: http://localhost/crud/produtos/add
Trace:
Cake\Error\BaseErrorHandler::handleError() - CORE/src/Error/BaseErrorHandler.php, line 146
include - APP/Template/Produtos/index.ctp, line 13
Cake\View\View::_evaluate() - CORE/src/View/View.php, line 992
Cake\View\View::_render() - CORE/src/View/View.php, line 952
Cake\View\View::render() - CORE/src/View/View.php, line 587
Cake\Controller\Controller::render() - CORE/src/Controller/Controller.php, line 611
Cake\Routing\Dispatcher::_invoke() - CORE/src/Routing/Dispatcher.php, line 120
Cake\Routing\Dispatcher::dispatch() - CORE/src/Routing/Dispatcher.php, line 87
[main] - ROOT/webroot/index.php, line 36



2016-05-01 15:28:51 Notice: Notice (8): A non well formed numeric value encountered in [/Volumes/Data/Projects/coding/crud/src/Model/Entity/Produto.php, line 18]
Request URL: /crud/produtos/venda
Trace:
Cake\Error\BaseErrorHandler::handleError() - CORE/src/Error/BaseErrorHandler.php, line 146
number_format - [internal], line ??
App\Model\Entity\Produto::_getPrecoFormatado() - APP/Model/Entity/Produto.php, line 18
Cake\ORM\Entity::get() - CORE/src/Datasource/EntityTrait.php, line 294
Cake\ORM\Entity::__get() - CORE/src/Datasource/EntityTrait.php, line 135
include - APP/Template/Produtos/venda.ctp, line 16
Cake\View\View::_evaluate() - CORE/src/View/View.php, line 992
Cake\View\View::_render() - CORE/src/View/View.php, line 952
Cake\View\View::render() - CORE/src/View/View.php, line 587
Cake\Controller\Controller::render() - CORE/src/Controller/Controller.php, line 611
Cake\Routing\Dispatcher::_invoke() - CORE/src/Routing/Dispatcher.php, line 120
Cake\Routing\Dispatcher::dispatch() - CORE/src/Routing/Dispatcher.php, line 87
[main] - ROOT/webroot/index.php, line 36



2016-05-01 15:28:51 Notice: Notice (8): A non well formed numeric value encountered in [/Volumes/Data/Projects/coding/crud/src/Model/Entity/Produto.php, line 18]
Request URL: /crud/produtos/venda
Trace:
Cake\Error\BaseErrorHandler::handleError() - CORE/src/Error/BaseErrorHandler.php, line 146
number_format - [internal], line ??
App\Model\Entity\Produto::_getPrecoFormatado() - APP/Model/Entity/Produto.php, line 18
Cake\ORM\Entity::get() - CORE/src/Datasource/EntityTrait.php, line 294
Cake\ORM\Entity::__get() - CORE/src/Datasource/EntityTrait.php, line 135
include - APP/Template/Produtos/venda.ctp, line 16
Cake\View\View::_evaluate() - CORE/src/View/View.php, line 992
Cake\View\View::_render() - CORE/src/View/View.php, line 952
Cake\View\View::render() - CORE/src/View/View.php, line 587
Cake\Controller\Controller::render() - CORE/src/Controller/Controller.php, line 611
Cake\Routing\Dispatcher::_invoke() - CORE/src/Routing/Dispatcher.php, line 120
Cake\Routing\Dispatcher::dispatch() - CORE/src/Routing/Dispatcher.php, line 87
[main] - ROOT/webroot/index.php, line 36



2016-05-01 15:28:51 Notice: Notice (8): A non well formed numeric value encountered in [/Volumes/Data/Projects/coding/crud/src/Model/Entity/Produto.php, line 18]
Request URL: /crud/produtos/venda
Trace:
Cake\Error\BaseErrorHandler::handleError() - CORE/src/Error/BaseErrorHandler.php, line 146
number_format - [internal], line ??
App\Model\Entity\Produto::_getPrecoFormatado() - APP/Model/Entity/Produto.php, line 18
Cake\ORM\Entity::get() - CORE/src/Datasource/EntityTrait.php, line 294
Cake\ORM\Entity::__get() - CORE/src/Datasource/EntityTrait.php, line 135
include - APP/Template/Produtos/venda.ctp, line 16
Cake\View\View::_evaluate() - CORE/src/View/View.php, line 992
Cake\View\View::_render() - CORE/src/View/View.php, line 952
Cake\View\View::render() - CORE/src/View/View.php, line 587
Cake\Controller\Controller::render() - CORE/src/Controller/Controller.php, line 611
Cake\Routing\Dispatcher::_invoke() - CORE/src/Routing/Dispatcher.php, line 120
Cake\Routing\Dispatcher::dispatch() - CORE/src/Routing/Dispatcher.php, line 87
[main] - ROOT/webroot/index.php, line 36



2016-05-01 18:33:18 Notice: Notice (8): Undefined variable: produtos in [/Volumes/Data/Projects/coding/crud/src/Template/Carrinhos/index.ctp, line 5]
Request URL: /crud/carrinhos
Referer URL: http://localhost/crud/users/login
Trace:
Cake\Error\BaseErrorHandler::handleError() - CORE/src/Error/BaseErrorHandler.php, line 146
include - APP/Template/Carrinhos/index.ctp, line 5
Cake\View\View::_evaluate() - CORE/src/View/View.php, line 992
Cake\View\View::_render() - CORE/src/View/View.php, line 952
Cake\View\View::render() - CORE/src/View/View.php, line 587
Cake\Controller\Controller::render() - CORE/src/Controller/Controller.php, line 611
Cake\Routing\Dispatcher::_invoke() - CORE/src/Routing/Dispatcher.php, line 120
Cake\Routing\Dispatcher::dispatch() - CORE/src/Routing/Dispatcher.php, line 87
[main] - ROOT/webroot/index.php, line 36



2016-05-01 18:51:02 Notice: Notice (8): Undefined variable: itensNoCarrinho in [/Volumes/Data/Projects/coding/crud/src/Template/Layout/default.ctp, line 46]
Request URL: /crud/compras
Trace:
Cake\Error\BaseErrorHandler::handleError() - CORE/src/Error/BaseErrorHandler.php, line 146
include - APP/Template/Layout/default.ctp, line 46
Cake\View\View::_evaluate() - CORE/src/View/View.php, line 992
Cake\View\View::_render() - CORE/src/View/View.php, line 952
Cake\View\View::renderLayout() - CORE/src/View/View.php, line 633
Cake\View\View::render() - CORE/src/View/View.php, line 592
Cake\Controller\Controller::render() - CORE/src/Controller/Controller.php, line 611
Cake\Routing\Dispatcher::_invoke() - CORE/src/Routing/Dispatcher.php, line 120
Cake\Routing\Dispatcher::dispatch() - CORE/src/Routing/Dispatcher.php, line 87
[main] - ROOT/webroot/index.php, line 36



2016-05-01 18:51:47 Notice: Notice (8): Undefined variable: itensNoCarrinho in [/Volumes/Data/Projects/coding/crud/src/Template/Layout/default.ctp, line 46]
Request URL: /crud/compras
Trace:
Cake\Error\BaseErrorHandler::handleError() - CORE/src/Error/BaseErrorHandler.php, line 146
include - APP/Template/Layout/default.ctp, line 46
Cake\View\View::_evaluate() - CORE/src/View/View.php, line 992
Cake\View\View::_render() - CORE/src/View/View.php, line 952
Cake\View\View::renderLayout() - CORE/src/View/View.php, line 633
Cake\View\View::render() - CORE/src/View/View.php, line 592
Cake\Controller\Controller::render() - CORE/src/Controller/Controller.php, line 611
Cake\Routing\Dispatcher::_invoke() - CORE/src/Routing/Dispatcher.php, line 120
Cake\Routing\Dispatcher::dispatch() - CORE/src/Routing/Dispatcher.php, line 87
[main] - ROOT/webroot/index.php, line 36



